<?xml version="1.0" encoding="UTF-8"?>
<!-- Generated by org.testng.reporters.JUnitXMLReporter -->
<testsuite ignored="0" hostname="ATMECSINLT-038" failures="2" tests="2" name="Test" time="6.279" errors="0" timestamp="29 Aug 2019 14:31:28 GMT">
  <testcase classname="com.atmecs.demoaut.flightdetails.TestingFlightDetailsPage" name="loginPageTest" time="6.148">
    <failure type="java.lang.NullPointerException">
      <![CDATA[java.lang.NullPointerException
at com.atmecs.demo_aut.getdatafrompropertyfile.ReadFile.getLocater1(ReadFile.java:43)
at com.atmecs.demoaut.flightdetails.TestingFlightDetailsPage.loginPageTest(TestingFlightDetailsPage.java:33)
... Removed 26 stack frames]]>
    </failure>
  </testcase> <!-- loginPageTest -->
  <testcase classname="com.atmecs.demoaut.flightdetails.TestingFlightDetailsPage" name="flightDetails" time="0.082">
    <failure type="java.lang.NullPointerException">
      <![CDATA[java.lang.NullPointerException
at com.atmecs.demo_aut.getdatafrompropertyfile.ReadFile.getLocater(ReadFile.java:24)
at com.atmecs.demoaut.flightdetails.TestingFlightDetailsPage.flightDetails(TestingFlightDetailsPage.java:49)
... Removed 26 stack frames]]>
    </failure>
  </testcase> <!-- flightDetails -->
</testsuite> <!-- Test -->
